<?xml version="1.0" encoding="UTF-8"?>
<!-- Generated by org.testng.reporters.JUnitXMLReporter -->
<testsuite ignored="0" hostname="LAPTOP-PTSLO3OM" failures="1" tests="1" name="Surefire test" time="44.037" errors="0" timestamp="2024-02-11T20:36:15 IST">
  <testcase classname="io.cucumber.testng.AbstractTestNGCucumberTests" name="runScenario" time="40.577">
    <failure type="java.lang.AssertionError" message="expected [true] but found [false]">
      <![CDATA[java.lang.AssertionError: expected [true] but found [false]
at scbseleniumframeworkdesign.stepDefinations.StepDefinationImpl.message_displayed(StepDefinationImpl.java:66)
at âœ½."Incorrect email or password." message is displayed.(file:///C:/Users/hp/eclipse-workspace/SeleniumFrameworkDesign/src/test/java/cucumber/ErrorValidations.feature:10)
... Removed 4 stack frames]]>
    </failure>
  </testcase> <!-- runScenario -->
</testsuite> <!-- Surefire test -->
