<?xml version="1.0" encoding="UTF-8"?>
<!-- Generated by org.testng.reporters.JUnitReportReporter -->
<testsuite hostname="LAPTOP-PTSLO3OM" failures="1" tests="1" name="cucumber.TestNgTestRunner" time="40.577" errors="0" timestamp="2024-02-11T20:36:16 IST" skipped="0">
  <testcase classname="cucumber.TestNgTestRunner" name="runScenario" time="40.577">
    <failure message="expected [true] but found [false]" type="java.lang.AssertionError">
      <![CDATA[java.lang.AssertionError: expected [true] but found [false]
at org.testng.Assert.fail(Assert.java:111)
at org.testng.Assert.failNotEquals(Assert.java:1578)
at org.testng.Assert.assertTrue(Assert.java:57)
at org.testng.Assert.assertTrue(Assert.java:67)
at scbseleniumframeworkdesign.stepDefinations.StepDefinationImpl.message_displayed(StepDefinationImpl.java:66)
at âœ½."Incorrect email or password." message is displayed.(file:///C:/Users/hp/eclipse-workspace/SeleniumFrameworkDesign/src/test/java/cucumber/ErrorValidations.feature:10)
]]>
    </failure>
  </testcase> <!-- runScenario -->
</testsuite> <!-- cucumber.TestNgTestRunner -->
